demo-api : [2018-06-22 14:55:32] [INFO ]
				[org.springframework.boot.test.context.SpringBootTestContextBootstrapper:308]-- Neither @ContextConfiguration nor @ContextHierarchy found for test class [com.enhinck.test.DroolsDemoApplicationTests], using SpringBootContextLoader
demo-api : [2018-06-22 14:55:32] [INFO ]
				[org.springframework.test.context.support.AbstractContextLoader:264]-- Could not detect default resource locations for test class [com.enhinck.test.DroolsDemoApplicationTests]: no resource found for suffixes {-context.xml, Context.groovy}.
demo-api : [2018-06-22 14:55:32] [INFO ]
				[org.springframework.boot.test.context.SpringBootTestContextBootstrapper:248]-- Loaded default TestExecutionListener class names from location [META-INF/spring.factories]: [org.springframework.boot.test.mock.mockito.MockitoTestExecutionListener, org.springframework.boot.test.mock.mockito.ResetMocksTestExecutionListener, org.springframework.boot.test.autoconfigure.restdocs.RestDocsTestExecutionListener, org.springframework.boot.test.autoconfigure.web.client.MockRestServiceServerResetTestExecutionListener, org.springframework.boot.test.autoconfigure.web.servlet.MockMvcPrintOnlyOnFailureTestExecutionListener, org.springframework.boot.test.autoconfigure.web.servlet.WebDriverTestExecutionListener, org.springframework.test.context.web.ServletTestExecutionListener, org.springframework.test.context.support.DirtiesContextBeforeModesTestExecutionListener, org.springframework.test.context.support.DependencyInjectionTestExecutionListener, org.springframework.test.context.support.DirtiesContextTestExecutionListener, org.springframework.test.context.transaction.TransactionalTestExecutionListener, org.springframework.test.context.jdbc.SqlScriptsTestExecutionListener]
demo-api : [2018-06-22 14:55:32] [INFO ]
				[org.springframework.boot.test.context.SpringBootTestContextBootstrapper:177]-- Using TestExecutionListeners: [org.springframework.test.context.web.ServletTestExecutionListener@389b0789, org.springframework.test.context.support.DirtiesContextBeforeModesTestExecutionListener@13d9cbf5, org.springframework.boot.test.mock.mockito.MockitoTestExecutionListener@478db956, org.springframework.boot.test.autoconfigure.SpringBootDependencyInjectionTestExecutionListener@6ca18a14, org.springframework.test.context.support.DirtiesContextTestExecutionListener@c667f46, org.springframework.test.context.transaction.TransactionalTestExecutionListener@51bd8b5c, org.springframework.test.context.jdbc.SqlScriptsTestExecutionListener@7b50df34, org.springframework.boot.test.mock.mockito.ResetMocksTestExecutionListener@1b410b60, org.springframework.boot.test.autoconfigure.restdocs.RestDocsTestExecutionListener@2462cb01, org.springframework.boot.test.autoconfigure.web.client.MockRestServiceServerResetTestExecutionListener@19b843ba, org.springframework.boot.test.autoconfigure.web.servlet.MockMvcPrintOnlyOnFailureTestExecutionListener@64ec96c6, org.springframework.boot.test.autoconfigure.web.servlet.WebDriverTestExecutionListener@77659b30]
demo-api : [2018-06-22 14:55:34] [INFO ]
				[org.springframework.context.annotation.AnnotationConfigApplicationContext:590]-- Refreshing org.springframework.context.annotation.AnnotationConfigApplicationContext@7e3181aa: startup date [Fri Jun 22 14:55:34 CST 2018]; root of context hierarchy
demo-api : [2018-06-22 14:55:34] [INFO ]
				[org.springframework.beans.factory.annotation.AutowiredAnnotationBeanPostProcessor:154]-- JSR-330 'javax.inject.Inject' annotation found and supported for autowiring
demo-api : [2018-06-22 14:55:34] [INFO ]
				[org.springframework.context.support.PostProcessorRegistrationDelegate$BeanPostProcessorChecker:328]-- Bean 'configurationPropertiesRebinderAutoConfiguration' of type [org.springframework.cloud.autoconfigure.ConfigurationPropertiesRebinderAutoConfiguration$$EnhancerBySpringCGLIB$$f9f7ce77] is not eligible for getting processed by all BeanPostProcessors (for example: not eligible for auto-proxying)
demo-api : [2018-06-22 14:55:36] [INFO ]
				[org.springframework.cloud.config.client.ConfigServicePropertySourceLocator:83]-- Fetching config from server at: http://localhost:8001
demo-api : [2018-06-22 14:55:45] [INFO ]
				[org.springframework.cloud.config.client.ConfigServicePropertySourceLocator:142]-- Located environment: name=demo-api, profiles=[default], label=null, version=46c382ff7e970e9135ea808fb7f0576ea3d4d02c, state=null
demo-api : [2018-06-22 14:55:45] [INFO ]
				[org.springframework.cloud.bootstrap.config.PropertySourceBootstrapConfiguration:98]-- Located property source: CompositePropertySource {name='configService', propertySources=[MapPropertySource {name='configClient'}, MapPropertySource {name='https://github.com/Enhinck/myconfig.git/demo-api.properties'}]}
demo-api : [2018-06-22 14:55:45] [INFO ]
				[com.enhinck.test.DroolsDemoApplicationTests:659]-- No active profile set, falling back to default profiles: default
demo-api : [2018-06-22 14:55:45] [INFO ]
				[org.springframework.web.context.support.GenericWebApplicationContext:590]-- Refreshing org.springframework.web.context.support.GenericWebApplicationContext@30c0ccff: startup date [Fri Jun 22 14:55:45 CST 2018]; parent: org.springframework.context.annotation.AnnotationConfigApplicationContext@7e3181aa
demo-api : [2018-06-22 14:55:46] [INFO ]
				[org.springframework.data.repository.config.RepositoryConfigurationDelegate:163]-- Multiple Spring Data modules found, entering strict repository configuration mode!
demo-api : [2018-06-22 14:55:46] [INFO ]
				[org.springframework.beans.factory.support.DefaultListableBeanFactory:824]-- Overriding bean definition for bean 'httpRequestHandlerAdapter' with a different definition: replacing [Root bean: class [null]; scope=; abstract=false; lazyInit=false; autowireMode=3; dependencyCheck=0; autowireCandidate=true; primary=false; factoryBeanName=org.springframework.boot.autoconfigure.web.servlet.WebMvcAutoConfiguration$EnableWebMvcConfiguration; factoryMethodName=httpRequestHandlerAdapter; initMethodName=null; destroyMethodName=(inferred); defined in class path resource [org/springframework/boot/autoconfigure/web/servlet/WebMvcAutoConfiguration$EnableWebMvcConfiguration.class]] with [Root bean: class [null]; scope=; abstract=false; lazyInit=false; autowireMode=3; dependencyCheck=0; autowireCandidate=true; primary=false; factoryBeanName=org.springframework.data.rest.webmvc.config.RepositoryRestMvcConfiguration; factoryMethodName=httpRequestHandlerAdapter; initMethodName=null; destroyMethodName=(inferred); defined in class path resource [org/springframework/data/rest/webmvc/config/RepositoryRestMvcConfiguration.class]]
demo-api : [2018-06-22 14:55:47] [INFO ]
				[org.springframework.integration.config.IntegrationRegistrar:349]-- No bean named 'integrationHeaderChannelRegistry' has been explicitly defined. Therefore, a default DefaultHeaderChannelRegistry will be created.
demo-api : [2018-06-22 14:55:47] [INFO ]
				[org.springframework.beans.factory.support.DefaultListableBeanFactory:824]-- Overriding bean definition for bean 'environmentWebEndpointExtension' with a different definition: replacing [Root bean: class [null]; scope=; abstract=false; lazyInit=false; autowireMode=3; dependencyCheck=0; autowireCandidate=true; primary=false; factoryBeanName=org.springframework.boot.actuate.autoconfigure.env.EnvironmentEndpointAutoConfiguration; factoryMethodName=environmentWebEndpointExtension; initMethodName=null; destroyMethodName=(inferred); defined in class path resource [org/springframework/boot/actuate/autoconfigure/env/EnvironmentEndpointAutoConfiguration.class]] with [Root bean: class [null]; scope=; abstract=false; lazyInit=false; autowireMode=3; dependencyCheck=0; autowireCandidate=true; primary=false; factoryBeanName=org.springframework.cloud.autoconfigure.LifecycleMvcEndpointAutoConfiguration$EndpointConfiguration; factoryMethodName=environmentWebEndpointExtension; initMethodName=null; destroyMethodName=(inferred); defined in class path resource [org/springframework/cloud/autoconfigure/LifecycleMvcEndpointAutoConfiguration$EndpointConfiguration.class]]
demo-api : [2018-06-22 14:55:47] [INFO ]
				[org.springframework.cloud.context.scope.GenericScope:293]-- BeanFactory id=d1fecded-2a8b-366e-8e5b-02a87542c024
demo-api : [2018-06-22 14:55:47] [WARN ]
				[org.springframework.context.annotation.ConfigurationClassEnhancer:353]-- @Bean method DroolsAutoConfiguration.kiePostProcessor is non-static and returns an object assignable to Spring's BeanFactoryPostProcessor interface. This will result in a failure to process annotations such as @Autowired, @Resource and @PostConstruct within the method's declaring @Configuration class. Add the 'static' modifier to this method to avoid these container lifecycle issues; see @Bean javadoc for complete details.
demo-api : [2018-06-22 14:55:47] [INFO ]
				[org.kie.spring.KModuleBeanFactoryPostProcessor:102]-- :: BeanFactoryPostProcessor::postProcessBeanFactory called ::
demo-api : [2018-06-22 14:55:47] [WARN ]
				[org.drools.compiler.kie.builder.impl.ClasspathKieProject:286]-- Unable to find pom.properties in /F:/smartcommunity2018/spring-cloud-demo-api/target/classes/com/enhinck/demo/config
demo-api : [2018-06-22 14:55:47] [INFO ]
				[org.drools.compiler.kie.builder.impl.ClasspathKieProject:328]-- Recursed up folders, found and used pom.xml F:\smartcommunity2018\spring-cloud-demo-api\pom.xml
demo-api : [2018-06-22 14:55:47] [INFO ]
				[org.kie.spring.KModuleBeanFactoryPostProcessor:118]-- Found project with releaseId: com.enhinck:spring-cloud-demo-api:0.0.1-SNAPSHOT
demo-api : [2018-06-22 14:55:47] [INFO ]
				[org.springframework.integration.config.DefaultConfiguringBeanFactoryPostProcessor:130]-- No bean named 'errorChannel' has been explicitly defined. Therefore, a default PublishSubscribeChannel will be created.
demo-api : [2018-06-22 14:55:47] [INFO ]
				[org.springframework.integration.config.DefaultConfiguringBeanFactoryPostProcessor:158]-- No bean named 'taskScheduler' has been explicitly defined. Therefore, a default ThreadPoolTaskScheduler will be created.
demo-api : [2018-06-22 14:55:47] [INFO ]
				[org.springframework.beans.factory.annotation.AutowiredAnnotationBeanPostProcessor:154]-- JSR-330 'javax.inject.Inject' annotation found and supported for autowiring
demo-api : [2018-06-22 14:55:47] [INFO ]
				[org.springframework.context.support.PostProcessorRegistrationDelegate$BeanPostProcessorChecker:328]-- Bean 'org.springframework.amqp.rabbit.annotation.RabbitBootstrapConfiguration' of type [org.springframework.amqp.rabbit.annotation.RabbitBootstrapConfiguration$$EnhancerBySpringCGLIB$$a44989a8] is not eligible for getting processed by all BeanPostProcessors (for example: not eligible for auto-proxying)
demo-api : [2018-06-22 14:55:47] [INFO ]
				[org.springframework.context.support.PostProcessorRegistrationDelegate$BeanPostProcessorChecker:328]-- Bean 'org.springframework.kafka.annotation.KafkaBootstrapConfiguration' of type [org.springframework.kafka.annotation.KafkaBootstrapConfiguration$$EnhancerBySpringCGLIB$$b18fdcfd] is not eligible for getting processed by all BeanPostProcessors (for example: not eligible for auto-proxying)
demo-api : [2018-06-22 14:55:48] [INFO ]
				[org.springframework.context.support.PostProcessorRegistrationDelegate$BeanPostProcessorChecker:328]-- Bean 'org.springframework.security.config.annotation.configuration.ObjectPostProcessorConfiguration' of type [org.springframework.security.config.annotation.configuration.ObjectPostProcessorConfiguration$$EnhancerBySpringCGLIB$$768b93b4] is not eligible for getting processed by all BeanPostProcessors (for example: not eligible for auto-proxying)
demo-api : [2018-06-22 14:55:48] [INFO ]
				[org.springframework.context.support.PostProcessorRegistrationDelegate$BeanPostProcessorChecker:328]-- Bean 'objectPostProcessor' of type [org.springframework.security.config.annotation.configuration.AutowireBeanFactoryObjectPostProcessor] is not eligible for getting processed by all BeanPostProcessors (for example: not eligible for auto-proxying)
demo-api : [2018-06-22 14:55:48] [INFO ]
				[org.springframework.context.support.PostProcessorRegistrationDelegate$BeanPostProcessorChecker:328]-- Bean 'org.springframework.security.access.expression.method.DefaultMethodSecurityExpressionHandler@1a0f349' of type [org.springframework.security.access.expression.method.DefaultMethodSecurityExpressionHandler] is not eligible for getting processed by all BeanPostProcessors (for example: not eligible for auto-proxying)
demo-api : [2018-06-22 14:55:48] [INFO ]
				[org.springframework.context.support.PostProcessorRegistrationDelegate$BeanPostProcessorChecker:328]-- Bean 'org.springframework.security.config.annotation.method.configuration.GlobalMethodSecurityConfiguration' of type [org.springframework.security.config.annotation.method.configuration.GlobalMethodSecurityConfiguration$$EnhancerBySpringCGLIB$$9b603666] is not eligible for getting processed by all BeanPostProcessors (for example: not eligible for auto-proxying)
demo-api : [2018-06-22 14:55:48] [INFO ]
				[org.springframework.context.support.PostProcessorRegistrationDelegate$BeanPostProcessorChecker:328]-- Bean 'methodSecurityMetadataSource' of type [org.springframework.security.access.method.DelegatingMethodSecurityMetadataSource] is not eligible for getting processed by all BeanPostProcessors (for example: not eligible for auto-proxying)
demo-api : [2018-06-22 14:55:48] [INFO ]
				[org.springframework.context.support.PostProcessorRegistrationDelegate$BeanPostProcessorChecker:328]-- Bean 'org.springframework.integration.config.IntegrationManagementConfiguration' of type [org.springframework.integration.config.IntegrationManagementConfiguration$$EnhancerBySpringCGLIB$$48cf86a9] is not eligible for getting processed by all BeanPostProcessors (for example: not eligible for auto-proxying)
demo-api : [2018-06-22 14:55:48] [INFO ]
				[org.springframework.context.support.PostProcessorRegistrationDelegate$BeanPostProcessorChecker:328]-- Bean 'org.springframework.cloud.autoconfigure.ConfigurationPropertiesRebinderAutoConfiguration' of type [org.springframework.cloud.autoconfigure.ConfigurationPropertiesRebinderAutoConfiguration$$EnhancerBySpringCGLIB$$f9f7ce77] is not eligible for getting processed by all BeanPostProcessors (for example: not eligible for auto-proxying)
demo-api : [2018-06-22 14:55:48] [INFO ]
				[com.enhinck.demo.config.RedisConfig:68]-- JedisConnectionFactory bean init success.
demo-api : [2018-06-22 14:55:48] [INFO ]
				[org.springframework.context.annotation.AnnotationConfigApplicationContext:590]-- Refreshing FeignContext-resource-server: startup date [Fri Jun 22 14:55:48 CST 2018]; parent: org.springframework.web.context.support.GenericWebApplicationContext@30c0ccff
demo-api : [2018-06-22 14:55:48] [INFO ]
				[org.springframework.beans.factory.annotation.AutowiredAnnotationBeanPostProcessor:154]-- JSR-330 'javax.inject.Inject' annotation found and supported for autowiring
demo-api : [2018-06-22 14:55:49] [INFO ]
				[org.springframework.scheduling.concurrent.ThreadPoolTaskExecutor:171]-- Initializing ExecutorService  'clientInboundChannelExecutor'
demo-api : [2018-06-22 14:55:49] [INFO ]
				[org.springframework.scheduling.concurrent.ThreadPoolTaskExecutor:171]-- Initializing ExecutorService  'clientOutboundChannelExecutor'
demo-api : [2018-06-22 14:55:50] [INFO ]
				[org.springframework.web.servlet.mvc.method.annotation.RequestMappingHandlerMapping:547]-- Mapped "{[/refresh],methods=[GET]}" onto public org.springframework.http.ResponseEntity<?> com.enhinck.demo.api.auth.AuthenticationRestController.refreshAndGetAuthenticationToken(javax.servlet.http.HttpServletRequest)
demo-api : [2018-06-22 14:55:50] [INFO ]
				[org.springframework.web.servlet.mvc.method.annotation.RequestMappingHandlerMapping:547]-- Mapped "{[/auth],methods=[POST]}" onto public org.springframework.http.ResponseEntity<?> com.enhinck.demo.api.auth.AuthenticationRestController.createAuthenticationToken(com.enhinck.demo.jwt.JwtAuthenticationRequest) throws com.enhinck.demo.api.auth.AuthenticationException
demo-api : [2018-06-22 14:55:50] [INFO ]
				[org.springframework.web.servlet.mvc.method.annotation.RequestMappingHandlerMapping:547]-- Mapped "{[/protected],methods=[GET]}" onto public org.springframework.http.ResponseEntity<?> com.enhinck.demo.api.auth.MethodProtectedRestController.getProtectedGreeting()
demo-api : [2018-06-22 14:55:50] [INFO ]
				[org.springframework.web.servlet.mvc.method.annotation.RequestMappingHandlerMapping:547]-- Mapped "{[/api/demo/test1],methods=[POST]}" onto public void com.enhinck.demo.api.DemoController.test(com.enhinck.demo.api.Greeting)
demo-api : [2018-06-22 14:55:50] [INFO ]
				[org.springframework.web.servlet.mvc.method.annotation.RequestMappingHandlerMapping:547]-- Mapped "{[/api/demo/test],methods=[POST]}" onto public java.lang.String com.enhinck.demo.api.DemoController.login(java.lang.String)
demo-api : [2018-06-22 14:55:50] [INFO ]
				[org.springframework.web.servlet.mvc.method.annotation.RequestMappingHandlerMapping:547]-- Mapped "{[/persons/{name}],methods=[GET]}" onto public static com.enhinck.demo.api.Person com.enhinck.demo.api.PersonRestService.getPerson(java.lang.String)
demo-api : [2018-06-22 14:55:50] [INFO ]
				[org.springframework.web.servlet.mvc.method.annotation.RequestMappingHandlerMapping:547]-- Mapped "{[/persons],methods=[GET]}" onto public static java.util.List<com.enhinck.demo.api.Person> com.enhinck.demo.api.PersonRestService.getPersons()
demo-api : [2018-06-22 14:55:50] [INFO ]
				[org.springframework.web.servlet.mvc.method.annotation.RequestMappingHandlerMapping:547]-- Mapped "{[/test],methods=[GET]}" onto public void com.enhinck.demo.api.UserRestController.test(com.enhinck.demo.api.Greeting)
demo-api : [2018-06-22 14:55:50] [INFO ]
				[org.springframework.web.servlet.mvc.method.annotation.RequestMappingHandlerMapping:547]-- Mapped "{[/user],methods=[GET]}" onto public com.enhinck.demo.jwt.JwtUser com.enhinck.demo.api.UserRestController.getAuthenticatedUser(javax.servlet.http.HttpServletRequest)
demo-api : [2018-06-22 14:55:50] [INFO ]
				[org.springframework.web.servlet.mvc.method.annotation.RequestMappingHandlerMapping:547]-- Mapped "{[/swagger-resources/configuration/ui]}" onto public org.springframework.http.ResponseEntity<springfox.documentation.swagger.web.UiConfiguration> springfox.documentation.swagger.web.ApiResourceController.uiConfiguration()
demo-api : [2018-06-22 14:55:50] [INFO ]
				[org.springframework.web.servlet.mvc.method.annotation.RequestMappingHandlerMapping:547]-- Mapped "{[/swagger-resources]}" onto public org.springframework.http.ResponseEntity<java.util.List<springfox.documentation.swagger.web.SwaggerResource>> springfox.documentation.swagger.web.ApiResourceController.swaggerResources()
demo-api : [2018-06-22 14:55:50] [INFO ]
				[org.springframework.web.servlet.mvc.method.annotation.RequestMappingHandlerMapping:547]-- Mapped "{[/swagger-resources/configuration/security]}" onto public org.springframework.http.ResponseEntity<springfox.documentation.swagger.web.SecurityConfiguration> springfox.documentation.swagger.web.ApiResourceController.securityConfiguration()
demo-api : [2018-06-22 14:55:50] [INFO ]
				[org.springframework.web.servlet.mvc.method.annotation.RequestMappingHandlerMapping:547]-- Mapped "{[/error]}" onto public org.springframework.http.ResponseEntity<java.util.Map<java.lang.String, java.lang.Object>> org.springframework.boot.autoconfigure.web.servlet.error.BasicErrorController.error(javax.servlet.http.HttpServletRequest)
demo-api : [2018-06-22 14:55:50] [INFO ]
				[org.springframework.web.servlet.mvc.method.annotation.RequestMappingHandlerMapping:547]-- Mapped "{[/error],produces=[text/html]}" onto public org.springframework.web.servlet.ModelAndView org.springframework.boot.autoconfigure.web.servlet.error.BasicErrorController.errorHtml(javax.servlet.http.HttpServletRequest,javax.servlet.http.HttpServletResponse)
demo-api : [2018-06-22 14:55:52] [INFO ]
				[org.springframework.cloud.commons.util.InetUtils:170]-- Cannot determine local hostname
demo-api : [2018-06-22 14:55:53] [INFO ]
				[org.springframework.cloud.commons.util.InetUtils:170]-- Cannot determine local hostname
demo-api : [2018-06-22 14:55:54] [INFO ]
				[org.springframework.boot.actuate.endpoint.web.EndpointLinksResolver:59]-- Exposing 2 endpoint(s) beneath base path '/actuator'
demo-api : [2018-06-22 14:55:54] [INFO ]
				[org.springframework.boot.actuate.endpoint.web.servlet.WebMvcEndpointHandlerMapping:547]-- Mapped "{[/actuator/health],methods=[GET],produces=[application/vnd.spring-boot.actuator.v2+json || application/json]}" onto public java.lang.Object org.springframework.boot.actuate.endpoint.web.servlet.AbstractWebMvcEndpointHandlerMapping$OperationHandler.handle(javax.servlet.http.HttpServletRequest,java.util.Map<java.lang.String, java.lang.String>)
demo-api : [2018-06-22 14:55:54] [INFO ]
				[org.springframework.boot.actuate.endpoint.web.servlet.WebMvcEndpointHandlerMapping:547]-- Mapped "{[/actuator/info],methods=[GET],produces=[application/vnd.spring-boot.actuator.v2+json || application/json]}" onto public java.lang.Object org.springframework.boot.actuate.endpoint.web.servlet.AbstractWebMvcEndpointHandlerMapping$OperationHandler.handle(javax.servlet.http.HttpServletRequest,java.util.Map<java.lang.String, java.lang.String>)
demo-api : [2018-06-22 14:55:54] [INFO ]
				[org.springframework.boot.actuate.endpoint.web.servlet.WebMvcEndpointHandlerMapping:547]-- Mapped "{[/actuator],methods=[GET],produces=[application/vnd.spring-boot.actuator.v2+json || application/json]}" onto protected java.util.Map<java.lang.String, java.util.Map<java.lang.String, org.springframework.boot.actuate.endpoint.web.Link>> org.springframework.boot.actuate.endpoint.web.servlet.WebMvcEndpointHandlerMapping.links(javax.servlet.http.HttpServletRequest,javax.servlet.http.HttpServletResponse)
demo-api : [2018-06-22 14:55:54] [INFO ]
				[org.kie.api.internal.utils.ServiceDiscoveryImpl:107]-- Loading kie.conf from  
demo-api : [2018-06-22 14:55:54] [INFO ]
				[org.kie.api.internal.utils.ServiceDiscoveryImpl:117]-- Discovered kie.conf url=jar:file:/D:/MavenRepository/org/jbpm/jbpm-flow/7.7.0.Final/jbpm-flow-7.7.0.Final.jar!/META-INF/kie.conf 
demo-api : [2018-06-22 14:55:54] [INFO ]
				[org.kie.api.internal.utils.ServiceDiscoveryImpl:158]-- Adding Service org.jbpm.marshalling.impl.ProcessMarshallerFactoryServiceImpl

demo-api : [2018-06-22 14:55:54] [INFO ]
				[org.kie.api.internal.utils.ServiceDiscoveryImpl:158]-- Adding Service org.jbpm.process.instance.ProcessRuntimeFactoryServiceImpl

demo-api : [2018-06-22 14:55:54] [INFO ]
				[org.kie.api.internal.utils.ServiceDiscoveryImpl:107]-- Loading kie.conf from  
demo-api : [2018-06-22 14:55:54] [INFO ]
				[org.kie.api.internal.utils.ServiceDiscoveryImpl:117]-- Discovered kie.conf url=jar:file:/D:/MavenRepository/org/kie/kie-internal/7.7.0.Final/kie-internal-7.7.0.Final.jar!/META-INF/kie.conf 
demo-api : [2018-06-22 14:55:54] [INFO ]
				[org.kie.api.internal.utils.ServiceDiscoveryImpl:158]-- Adding Service org.kie.internal.services.KieWeaversImpl

demo-api : [2018-06-22 14:55:54] [INFO ]
				[org.kie.api.internal.utils.ServiceDiscoveryImpl:158]-- Adding Service org.kie.internal.services.KieBeliefsImpl

demo-api : [2018-06-22 14:55:54] [INFO ]
				[org.kie.api.internal.utils.ServiceDiscoveryImpl:158]-- Adding Service org.kie.internal.services.KieAssemblersImpl

demo-api : [2018-06-22 14:55:54] [INFO ]
				[org.kie.api.internal.utils.ServiceDiscoveryImpl:158]-- Adding Service org.kie.internal.services.KieRuntimesImpl

demo-api : [2018-06-22 14:55:54] [INFO ]
				[org.kie.api.internal.utils.ServiceDiscoveryImpl:107]-- Loading kie.conf from  
demo-api : [2018-06-22 14:55:54] [INFO ]
				[org.kie.api.internal.utils.ServiceDiscoveryImpl:117]-- Discovered kie.conf url=jar:file:/D:/MavenRepository/org/drools/drools-core/7.7.0.Final/drools-core-7.7.0.Final.jar!/META-INF/kie.conf 
demo-api : [2018-06-22 14:55:54] [INFO ]
				[org.kie.api.internal.utils.ServiceDiscoveryImpl:158]-- Adding Service org.drools.core.io.impl.ResourceFactoryServiceImpl

demo-api : [2018-06-22 14:55:54] [INFO ]
				[org.kie.api.internal.utils.ServiceDiscoveryImpl:158]-- Adding Service org.drools.core.marshalling.impl.MarshallerProviderImpl

demo-api : [2018-06-22 14:55:54] [INFO ]
				[org.kie.api.internal.utils.ServiceDiscoveryImpl:158]-- Adding Service org.drools.core.concurrent.ExecutorProviderImpl

demo-api : [2018-06-22 14:55:54] [INFO ]
				[org.kie.api.internal.utils.ServiceDiscoveryImpl:107]-- Loading kie.conf from  
demo-api : [2018-06-22 14:55:54] [INFO ]
				[org.kie.api.internal.utils.ServiceDiscoveryImpl:117]-- Discovered kie.conf url=jar:file:/D:/MavenRepository/org/drools/drools-decisiontables/7.7.0.Final/drools-decisiontables-7.7.0.Final.jar!/META-INF/kie.conf 
demo-api : [2018-06-22 14:55:54] [INFO ]
				[org.kie.api.internal.utils.ServiceDiscoveryImpl:158]-- Adding Service org.drools.decisiontable.DecisionTableProviderImpl

demo-api : [2018-06-22 14:55:54] [INFO ]
				[org.kie.api.internal.utils.ServiceDiscoveryImpl:107]-- Loading kie.conf from  
demo-api : [2018-06-22 14:55:54] [INFO ]
				[org.kie.api.internal.utils.ServiceDiscoveryImpl:117]-- Discovered kie.conf url=jar:file:/D:/MavenRepository/org/drools/drools-compiler/7.7.0.Final/drools-compiler-7.7.0.Final.jar!/META-INF/kie.conf 
demo-api : [2018-06-22 14:55:54] [INFO ]
				[org.kie.api.internal.utils.ServiceDiscoveryImpl:158]-- Adding Service org.drools.compiler.kie.builder.impl.KieServicesImpl

demo-api : [2018-06-22 14:55:54] [INFO ]
				[org.kie.api.internal.utils.ServiceDiscoveryImpl:158]-- Adding Service org.drools.compiler.builder.impl.KnowledgeBuilderFactoryServiceImpl

demo-api : [2018-06-22 14:55:54] [INFO ]
				[org.drools.compiler.kie.builder.impl.KieRepositoryImpl:111]-- KieModule was added: com.enhinck.demo.config.DroolsAutoConfiguration$1@4af0c50
demo-api : [2018-06-22 14:55:56] [INFO ]
				[org.drools.compiler.kie.builder.impl.KieRepositoryImpl:111]-- KieModule was added: MemoryKieModule[releaseId=org.default:artifact:1.0.0-SNAPSHOT]
demo-api : [2018-06-22 14:55:56] [INFO ]
				[springfox.documentation.spring.web.PropertySourcedRequestMappingHandlerMapping:69]-- Mapped URL path [/v2/api-docs] onto method [public org.springframework.http.ResponseEntity<springfox.documentation.spring.web.json.Json> springfox.documentation.swagger2.web.Swagger2Controller.getDocumentation(java.lang.String,javax.servlet.http.HttpServletRequest)]
demo-api : [2018-06-22 14:55:57] [INFO ]
				[org.springframework.security.web.DefaultSecurityFilterChain:43]-- Creating filter chain: Ant [pattern='/auth', POST], []
demo-api : [2018-06-22 14:55:57] [INFO ]
				[org.springframework.security.web.DefaultSecurityFilterChain:43]-- Creating filter chain: Ant [pattern='/', GET], []
demo-api : [2018-06-22 14:55:57] [INFO ]
				[org.springframework.security.web.DefaultSecurityFilterChain:43]-- Creating filter chain: Ant [pattern='/*.html', GET], []
demo-api : [2018-06-22 14:55:57] [INFO ]
				[org.springframework.security.web.DefaultSecurityFilterChain:43]-- Creating filter chain: Ant [pattern='/favicon.ico', GET], []
demo-api : [2018-06-22 14:55:57] [INFO ]
				[org.springframework.security.web.DefaultSecurityFilterChain:43]-- Creating filter chain: Ant [pattern='/**/*.html', GET], []
demo-api : [2018-06-22 14:55:57] [INFO ]
				[org.springframework.security.web.DefaultSecurityFilterChain:43]-- Creating filter chain: Ant [pattern='/**/*.css', GET], []
demo-api : [2018-06-22 14:55:57] [INFO ]
				[org.springframework.security.web.DefaultSecurityFilterChain:43]-- Creating filter chain: Ant [pattern='/**/*.js', GET], []
demo-api : [2018-06-22 14:55:57] [INFO ]
				[org.springframework.security.web.DefaultSecurityFilterChain:43]-- Creating filter chain: Ant [pattern='/h2-console/**/**'], []
demo-api : [2018-06-22 14:55:57] [INFO ]
				[org.springframework.security.web.DefaultSecurityFilterChain:43]-- Creating filter chain: Ant [pattern='/**/swagger-resources/**'], []
demo-api : [2018-06-22 14:55:57] [INFO ]
				[org.springframework.security.web.DefaultSecurityFilterChain:43]-- Creating filter chain: Ant [pattern='/**/v2/**'], []
demo-api : [2018-06-22 14:55:57] [INFO ]
				[org.springframework.security.web.DefaultSecurityFilterChain:43]-- Creating filter chain: Ant [pattern='/**/webjars/**'], []
demo-api : [2018-06-22 14:55:57] [INFO ]
				[org.springframework.security.web.DefaultSecurityFilterChain:43]-- Creating filter chain: Ant [pattern='/webServer/**'], []
demo-api : [2018-06-22 14:55:57] [INFO ]
				[org.springframework.security.web.DefaultSecurityFilterChain:43]-- Creating filter chain: org.springframework.security.web.util.matcher.AnyRequestMatcher@1, [org.springframework.web.filter.CorsFilter@589a4305, org.springframework.security.web.context.request.async.WebAsyncManagerIntegrationFilter@7568134c, org.springframework.security.web.context.SecurityContextPersistenceFilter@981d9d2, org.springframework.security.web.header.HeaderWriterFilter@66428512, org.springframework.security.web.authentication.logout.LogoutFilter@28f6a008, com.enhinck.demo.jwt.JwtAuthorizationTokenFilter@28c75c93, org.springframework.security.web.savedrequest.RequestCacheAwareFilter@3da6950f, org.springframework.security.web.servletapi.SecurityContextHolderAwareRequestFilter@1abd1a28, org.springframework.security.web.authentication.AnonymousAuthenticationFilter@35217e0, org.springframework.security.web.session.SessionManagementFilter@89178b4, org.springframework.security.web.access.ExceptionTranslationFilter@256d8f17, org.springframework.security.web.access.intercept.FilterSecurityInterceptor@42fdf45e]
demo-api : [2018-06-22 14:55:57] [INFO ]
				[org.springframework.scheduling.concurrent.ThreadPoolTaskScheduler:171]-- Initializing ExecutorService  'messageBrokerTaskScheduler'
demo-api : [2018-06-22 14:55:57] [INFO ]
				[org.springframework.web.socket.server.support.WebSocketHandlerMapping:373]-- Mapped URL path [/webServer/**] onto handler of type [class org.springframework.web.socket.sockjs.support.SockJsHttpRequestHandler]
demo-api : [2018-06-22 14:55:57] [INFO ]
				[org.springframework.scheduling.concurrent.ThreadPoolTaskExecutor:171]-- Initializing ExecutorService  'brokerChannelExecutor'
demo-api : [2018-06-22 14:55:57] [INFO ]
				[org.springframework.web.socket.messaging.WebSocketAnnotationMethodMessageHandler:337]-- Mapped "{[/message],messageType=[MESSAGE]}" onto public com.enhinck.demo.api.UserMessage com.enhinck.demo.api.WebSocketController.userMessage(com.enhinck.demo.api.UserMessage) throws java.lang.Exception
demo-api : [2018-06-22 14:55:57] [INFO ]
				[org.springframework.web.socket.messaging.WebSocketAnnotationMethodMessageHandler:337]-- Mapped "{[/welcome],messageType=[MESSAGE]}" onto public java.lang.String com.enhinck.demo.api.WebSocketController.welcome(java.lang.String) throws java.lang.Exception
demo-api : [2018-06-22 14:55:57] [INFO ]
				[org.springframework.web.socket.messaging.WebSocketAnnotationMethodMessageHandler:337]-- Mapped "{[/hello],messageType=[MESSAGE]}" onto public com.enhinck.demo.api.Greeting com.enhinck.demo.api.WebSocketController.greeting(com.enhinck.demo.api.Greeting) throws java.lang.Exception
demo-api : [2018-06-22 14:55:57] [WARN ]
				[com.netflix.config.sources.URLConfigurationSource:121]-- No URLs will be polled as dynamic configuration sources.
demo-api : [2018-06-22 14:55:57] [INFO ]
				[com.netflix.config.sources.URLConfigurationSource:122]-- To enable URLs as dynamic configuration sources, define System property archaius.configurationSource.additionalUrls or make config.properties available on classpath.
demo-api : [2018-06-22 14:55:57] [WARN ]
				[com.netflix.config.sources.URLConfigurationSource:121]-- No URLs will be polled as dynamic configuration sources.
demo-api : [2018-06-22 14:55:57] [INFO ]
				[com.netflix.config.sources.URLConfigurationSource:122]-- To enable URLs as dynamic configuration sources, define System property archaius.configurationSource.additionalUrls or make config.properties available on classpath.
demo-api : [2018-06-22 14:55:58] [INFO ]
				[org.springframework.web.servlet.handler.SimpleUrlHandlerMapping:373]-- Mapped URL path [/**/favicon.ico] onto handler of type [class org.springframework.web.servlet.resource.ResourceHttpRequestHandler]
demo-api : [2018-06-22 14:55:58] [INFO ]
				[org.springframework.web.servlet.mvc.method.annotation.RequestMappingHandlerAdapter:574]-- Looking for @ControllerAdvice: org.springframework.web.context.support.GenericWebApplicationContext@30c0ccff: startup date [Fri Jun 22 14:55:45 CST 2018]; parent: org.springframework.context.annotation.AnnotationConfigApplicationContext@7e3181aa
demo-api : [2018-06-22 14:55:58] [INFO ]
				[org.springframework.web.servlet.mvc.method.annotation.RequestMappingHandlerAdapter:610]-- Detected ResponseBodyAdvice bean in responseHandler
demo-api : [2018-06-22 14:55:58] [INFO ]
				[org.springframework.web.servlet.handler.SimpleUrlHandlerMapping:373]-- Mapped URL path [/webjars/**] onto handler of type [class org.springframework.web.servlet.resource.ResourceHttpRequestHandler]
demo-api : [2018-06-22 14:55:58] [INFO ]
				[org.springframework.web.servlet.handler.SimpleUrlHandlerMapping:373]-- Mapped URL path [/**] onto handler of type [class org.springframework.web.servlet.resource.ResourceHttpRequestHandler]
demo-api : [2018-06-22 14:55:58] [INFO ]
				[org.springframework.web.servlet.mvc.method.annotation.ExceptionHandlerExceptionResolver:288]-- Detected @ExceptionHandler methods in responseHandler
demo-api : [2018-06-22 14:55:58] [INFO ]
				[org.springframework.web.servlet.mvc.method.annotation.ExceptionHandlerExceptionResolver:294]-- Detected ResponseBodyAdvice implementation in responseHandler
demo-api : [2018-06-22 14:55:58] [INFO ]
				[org.springframework.web.servlet.mvc.method.annotation.ExceptionHandlerExceptionResolver:288]-- Detected @ExceptionHandler methods in repositoryRestExceptionHandler
demo-api : [2018-06-22 14:55:58] [WARN ]
				[org.springframework.boot.autoconfigure.thymeleaf.ThymeleafAutoConfiguration$DefaultTemplateResolverConfiguration:104]-- Cannot find template location: classpath:/templates/ (please add some templates or check your Thymeleaf configuration)
demo-api : [2018-06-22 14:55:58] [INFO ]
				[org.springframework.boot.autoconfigure.web.servlet.WelcomePageHandlerMapping:56]-- Adding welcome page: class path resource [static/index.html]
demo-api : [2018-06-22 14:55:59] [INFO ]
				[org.springframework.data.rest.webmvc.RepositoryRestHandlerAdapter:574]-- Looking for @ControllerAdvice: org.springframework.web.context.support.GenericWebApplicationContext@30c0ccff: startup date [Fri Jun 22 14:55:45 CST 2018]; parent: org.springframework.context.annotation.AnnotationConfigApplicationContext@7e3181aa
demo-api : [2018-06-22 14:55:59] [INFO ]
				[org.springframework.data.rest.webmvc.RepositoryRestHandlerAdapter:610]-- Detected ResponseBodyAdvice bean in responseHandler
demo-api : [2018-06-22 14:55:59] [INFO ]
				[org.springframework.data.rest.webmvc.RepositoryRestHandlerMapping:547]-- Mapped "{[/{repository}/search/{search}],methods=[GET],produces=[application/x-spring-data-compact+json]}" onto public org.springframework.hateoas.ResourceSupport org.springframework.data.rest.webmvc.RepositorySearchController.executeSearchCompact(org.springframework.data.rest.webmvc.RootResourceInformation,org.springframework.http.HttpHeaders,org.springframework.util.MultiValueMap<java.lang.String, java.lang.Object>,java.lang.String,java.lang.String,org.springframework.data.rest.webmvc.support.DefaultedPageable,org.springframework.data.domain.Sort,org.springframework.data.rest.webmvc.PersistentEntityResourceAssembler)
demo-api : [2018-06-22 14:55:59] [INFO ]
				[org.springframework.data.rest.webmvc.RepositoryRestHandlerMapping:547]-- Mapped "{[/{repository}/search],methods=[OPTIONS],produces=[application/hal+json || application/json]}" onto public org.springframework.http.HttpEntity<?> org.springframework.data.rest.webmvc.RepositorySearchController.optionsForSearches(org.springframework.data.rest.webmvc.RootResourceInformation)
demo-api : [2018-06-22 14:55:59] [INFO ]
				[org.springframework.data.rest.webmvc.RepositoryRestHandlerMapping:547]-- Mapped "{[/{repository}/search/{search}],methods=[OPTIONS],produces=[application/hal+json || application/json]}" onto public org.springframework.http.ResponseEntity<java.lang.Object> org.springframework.data.rest.webmvc.RepositorySearchController.optionsForSearch(org.springframework.data.rest.webmvc.RootResourceInformation,java.lang.String)
demo-api : [2018-06-22 14:55:59] [INFO ]
				[org.springframework.data.rest.webmvc.RepositoryRestHandlerMapping:547]-- Mapped "{[/{repository}/search],methods=[HEAD],produces=[application/hal+json || application/json]}" onto public org.springframework.http.HttpEntity<?> org.springframework.data.rest.webmvc.RepositorySearchController.headForSearches(org.springframework.data.rest.webmvc.RootResourceInformation)
demo-api : [2018-06-22 14:55:59] [INFO ]
				[org.springframework.data.rest.webmvc.RepositoryRestHandlerMapping:547]-- Mapped "{[/{repository}/search/{search}],methods=[HEAD],produces=[application/hal+json || application/json]}" onto public org.springframework.http.ResponseEntity<java.lang.Object> org.springframework.data.rest.webmvc.RepositorySearchController.headForSearch(org.springframework.data.rest.webmvc.RootResourceInformation,java.lang.String)
demo-api : [2018-06-22 14:55:59] [INFO ]
				[org.springframework.data.rest.webmvc.RepositoryRestHandlerMapping:547]-- Mapped "{[/{repository}/search],methods=[GET],produces=[application/hal+json || application/json]}" onto public org.springframework.data.rest.webmvc.RepositorySearchesResource org.springframework.data.rest.webmvc.RepositorySearchController.listSearches(org.springframework.data.rest.webmvc.RootResourceInformation)
demo-api : [2018-06-22 14:55:59] [INFO ]
				[org.springframework.data.rest.webmvc.RepositoryRestHandlerMapping:547]-- Mapped "{[/{repository}/search/{search}],methods=[GET],produces=[application/hal+json || application/json]}" onto public org.springframework.http.ResponseEntity<?> org.springframework.data.rest.webmvc.RepositorySearchController.executeSearch(org.springframework.data.rest.webmvc.RootResourceInformation,org.springframework.util.MultiValueMap<java.lang.String, java.lang.Object>,java.lang.String,org.springframework.data.rest.webmvc.support.DefaultedPageable,org.springframework.data.domain.Sort,org.springframework.data.rest.webmvc.PersistentEntityResourceAssembler,org.springframework.http.HttpHeaders)
demo-api : [2018-06-22 14:55:59] [INFO ]
				[org.springframework.data.rest.webmvc.RepositoryRestHandlerMapping:547]-- Mapped "{[/{repository}/{id}/{property}],methods=[GET],produces=[application/hal+json || application/json]}" onto public org.springframework.http.ResponseEntity<org.springframework.hateoas.ResourceSupport> org.springframework.data.rest.webmvc.RepositoryPropertyReferenceController.followPropertyReference(org.springframework.data.rest.webmvc.RootResourceInformation,java.io.Serializable,java.lang.String,org.springframework.data.rest.webmvc.PersistentEntityResourceAssembler) throws java.lang.Exception
demo-api : [2018-06-22 14:55:59] [INFO ]
				[org.springframework.data.rest.webmvc.RepositoryRestHandlerMapping:547]-- Mapped "{[/{repository}/{id}/{property}/{propertyId}],methods=[GET],produces=[application/hal+json || application/json]}" onto public org.springframework.http.ResponseEntity<org.springframework.hateoas.ResourceSupport> org.springframework.data.rest.webmvc.RepositoryPropertyReferenceController.followPropertyReference(org.springframework.data.rest.webmvc.RootResourceInformation,java.io.Serializable,java.lang.String,java.lang.String,org.springframework.data.rest.webmvc.PersistentEntityResourceAssembler) throws java.lang.Exception
demo-api : [2018-06-22 14:55:59] [INFO ]
				[org.springframework.data.rest.webmvc.RepositoryRestHandlerMapping:547]-- Mapped "{[/{repository}/{id}/{property}],methods=[GET],produces=[application/x-spring-data-compact+json || text/uri-list]}" onto public org.springframework.http.ResponseEntity<org.springframework.hateoas.ResourceSupport> org.springframework.data.rest.webmvc.RepositoryPropertyReferenceController.followPropertyReferenceCompact(org.springframework.data.rest.webmvc.RootResourceInformation,java.io.Serializable,java.lang.String,org.springframework.data.rest.webmvc.PersistentEntityResourceAssembler) throws java.lang.Exception
demo-api : [2018-06-22 14:55:59] [INFO ]
				[org.springframework.data.rest.webmvc.RepositoryRestHandlerMapping:547]-- Mapped "{[/{repository}/{id}/{property}/{propertyId}],methods=[DELETE],produces=[application/hal+json || application/json]}" onto public org.springframework.http.ResponseEntity<org.springframework.hateoas.ResourceSupport> org.springframework.data.rest.webmvc.RepositoryPropertyReferenceController.deletePropertyReferenceId(org.springframework.data.rest.webmvc.RootResourceInformation,java.io.Serializable,java.lang.String,java.lang.String) throws java.lang.Exception
demo-api : [2018-06-22 14:55:59] [INFO ]
				[org.springframework.data.rest.webmvc.RepositoryRestHandlerMapping:547]-- Mapped "{[/{repository}/{id}/{property}],methods=[DELETE],produces=[application/hal+json || application/json]}" onto public org.springframework.http.ResponseEntity<? extends org.springframework.hateoas.ResourceSupport> org.springframework.data.rest.webmvc.RepositoryPropertyReferenceController.deletePropertyReference(org.springframework.data.rest.webmvc.RootResourceInformation,java.io.Serializable,java.lang.String) throws java.lang.Exception
demo-api : [2018-06-22 14:55:59] [INFO ]
				[org.springframework.data.rest.webmvc.RepositoryRestHandlerMapping:547]-- Mapped "{[/{repository}/{id}/{property}],methods=[PATCH || PUT || POST],consumes=[application/json || application/x-spring-data-compact+json || text/uri-list],produces=[application/hal+json || application/json]}" onto public org.springframework.http.ResponseEntity<? extends org.springframework.hateoas.ResourceSupport> org.springframework.data.rest.webmvc.RepositoryPropertyReferenceController.createPropertyReference(org.springframework.data.rest.webmvc.RootResourceInformation,org.springframework.http.HttpMethod,org.springframework.hateoas.Resources<java.lang.Object>,java.io.Serializable,java.lang.String) throws java.lang.Exception
demo-api : [2018-06-22 14:55:59] [INFO ]
				[org.springframework.data.rest.webmvc.RepositoryRestHandlerMapping:547]-- Mapped "{[/ || ],methods=[OPTIONS],produces=[application/hal+json || application/json]}" onto public org.springframework.http.HttpEntity<?> org.springframework.data.rest.webmvc.RepositoryController.optionsForRepositories()
demo-api : [2018-06-22 14:55:59] [INFO ]
				[org.springframework.data.rest.webmvc.RepositoryRestHandlerMapping:547]-- Mapped "{[/ || ],methods=[HEAD],produces=[application/hal+json || application/json]}" onto public org.springframework.http.ResponseEntity<?> org.springframework.data.rest.webmvc.RepositoryController.headForRepositories()
demo-api : [2018-06-22 14:55:59] [INFO ]
				[org.springframework.data.rest.webmvc.RepositoryRestHandlerMapping:547]-- Mapped "{[/ || ],methods=[GET],produces=[application/hal+json || application/json]}" onto public org.springframework.http.HttpEntity<org.springframework.data.rest.webmvc.RepositoryLinksResource> org.springframework.data.rest.webmvc.RepositoryController.listRepositories()
demo-api : [2018-06-22 14:55:59] [INFO ]
				[org.springframework.data.rest.webmvc.RepositoryRestHandlerMapping:547]-- Mapped "{[/{repository}],methods=[GET],produces=[application/hal+json || application/json]}" onto public org.springframework.hateoas.Resources<?> org.springframework.data.rest.webmvc.RepositoryEntityController.getCollectionResource(org.springframework.data.rest.webmvc.RootResourceInformation,org.springframework.data.rest.webmvc.support.DefaultedPageable,org.springframework.data.domain.Sort,org.springframework.data.rest.webmvc.PersistentEntityResourceAssembler) throws org.springframework.data.rest.webmvc.ResourceNotFoundException,org.springframework.web.HttpRequestMethodNotSupportedException
demo-api : [2018-06-22 14:55:59] [INFO ]
				[org.springframework.data.rest.webmvc.RepositoryRestHandlerMapping:547]-- Mapped "{[/{repository}],methods=[GET],produces=[application/x-spring-data-compact+json || text/uri-list]}" onto public org.springframework.hateoas.Resources<?> org.springframework.data.rest.webmvc.RepositoryEntityController.getCollectionResourceCompact(org.springframework.data.rest.webmvc.RootResourceInformation,org.springframework.data.rest.webmvc.support.DefaultedPageable,org.springframework.data.domain.Sort,org.springframework.data.rest.webmvc.PersistentEntityResourceAssembler) throws org.springframework.data.rest.webmvc.ResourceNotFoundException,org.springframework.web.HttpRequestMethodNotSupportedException
demo-api : [2018-06-22 14:55:59] [INFO ]
				[org.springframework.data.rest.webmvc.RepositoryRestHandlerMapping:547]-- Mapped "{[/{repository}/{id}],methods=[OPTIONS],produces=[application/hal+json || application/json]}" onto public org.springframework.http.ResponseEntity<?> org.springframework.data.rest.webmvc.RepositoryEntityController.optionsForItemResource(org.springframework.data.rest.webmvc.RootResourceInformation)
demo-api : [2018-06-22 14:55:59] [INFO ]
				[org.springframework.data.rest.webmvc.RepositoryRestHandlerMapping:547]-- Mapped "{[/{repository}/{id}],methods=[HEAD],produces=[application/hal+json || application/json]}" onto public org.springframework.http.ResponseEntity<?> org.springframework.data.rest.webmvc.RepositoryEntityController.headForItemResource(org.springframework.data.rest.webmvc.RootResourceInformation,java.io.Serializable,org.springframework.data.rest.webmvc.PersistentEntityResourceAssembler) throws org.springframework.web.HttpRequestMethodNotSupportedException
demo-api : [2018-06-22 14:55:59] [INFO ]
				[org.springframework.data.rest.webmvc.RepositoryRestHandlerMapping:547]-- Mapped "{[/{repository}/{id}],methods=[PATCH],produces=[application/hal+json || application/json]}" onto public org.springframework.http.ResponseEntity<org.springframework.hateoas.ResourceSupport> org.springframework.data.rest.webmvc.RepositoryEntityController.patchItemResource(org.springframework.data.rest.webmvc.RootResourceInformation,org.springframework.data.rest.webmvc.PersistentEntityResource,java.io.Serializable,org.springframework.data.rest.webmvc.PersistentEntityResourceAssembler,org.springframework.data.rest.webmvc.support.ETag,java.lang.String) throws org.springframework.web.HttpRequestMethodNotSupportedException,org.springframework.data.rest.webmvc.ResourceNotFoundException
demo-api : [2018-06-22 14:55:59] [INFO ]
				[org.springframework.data.rest.webmvc.RepositoryRestHandlerMapping:547]-- Mapped "{[/{repository}],methods=[HEAD],produces=[application/hal+json || application/json]}" onto public org.springframework.http.ResponseEntity<?> org.springframework.data.rest.webmvc.RepositoryEntityController.headCollectionResource(org.springframework.data.rest.webmvc.RootResourceInformation,org.springframework.data.rest.webmvc.support.DefaultedPageable) throws org.springframework.web.HttpRequestMethodNotSupportedException
demo-api : [2018-06-22 14:55:59] [INFO ]
				[org.springframework.data.rest.webmvc.RepositoryRestHandlerMapping:547]-- Mapped "{[/{repository}/{id}],methods=[DELETE],produces=[application/hal+json || application/json]}" onto public org.springframework.http.ResponseEntity<?> org.springframework.data.rest.webmvc.RepositoryEntityController.deleteItemResource(org.springframework.data.rest.webmvc.RootResourceInformation,java.io.Serializable,org.springframework.data.rest.webmvc.support.ETag) throws org.springframework.data.rest.webmvc.ResourceNotFoundException,org.springframework.web.HttpRequestMethodNotSupportedException
demo-api : [2018-06-22 14:55:59] [INFO ]
				[org.springframework.data.rest.webmvc.RepositoryRestHandlerMapping:547]-- Mapped "{[/{repository}],methods=[POST],produces=[application/hal+json || application/json]}" onto public org.springframework.http.ResponseEntity<org.springframework.hateoas.ResourceSupport> org.springframework.data.rest.webmvc.RepositoryEntityController.postCollectionResource(org.springframework.data.rest.webmvc.RootResourceInformation,org.springframework.data.rest.webmvc.PersistentEntityResource,org.springframework.data.rest.webmvc.PersistentEntityResourceAssembler,java.lang.String) throws org.springframework.web.HttpRequestMethodNotSupportedException
demo-api : [2018-06-22 14:55:59] [INFO ]
				[org.springframework.data.rest.webmvc.RepositoryRestHandlerMapping:547]-- Mapped "{[/{repository}],methods=[OPTIONS],produces=[application/hal+json || application/json]}" onto public org.springframework.http.ResponseEntity<?> org.springframework.data.rest.webmvc.RepositoryEntityController.optionsForCollectionResource(org.springframework.data.rest.webmvc.RootResourceInformation)
demo-api : [2018-06-22 14:55:59] [INFO ]
				[org.springframework.data.rest.webmvc.RepositoryRestHandlerMapping:547]-- Mapped "{[/{repository}/{id}],methods=[GET],produces=[application/hal+json || application/json]}" onto public org.springframework.http.ResponseEntity<org.springframework.hateoas.Resource<?>> org.springframework.data.rest.webmvc.RepositoryEntityController.getItemResource(org.springframework.data.rest.webmvc.RootResourceInformation,java.io.Serializable,org.springframework.data.rest.webmvc.PersistentEntityResourceAssembler,org.springframework.http.HttpHeaders) throws org.springframework.web.HttpRequestMethodNotSupportedException
demo-api : [2018-06-22 14:55:59] [INFO ]
				[org.springframework.data.rest.webmvc.RepositoryRestHandlerMapping:547]-- Mapped "{[/{repository}/{id}],methods=[PUT],produces=[application/hal+json || application/json]}" onto public org.springframework.http.ResponseEntity<? extends org.springframework.hateoas.ResourceSupport> org.springframework.data.rest.webmvc.RepositoryEntityController.putItemResource(org.springframework.data.rest.webmvc.RootResourceInformation,org.springframework.data.rest.webmvc.PersistentEntityResource,java.io.Serializable,org.springframework.data.rest.webmvc.PersistentEntityResourceAssembler,org.springframework.data.rest.webmvc.support.ETag,java.lang.String) throws org.springframework.web.HttpRequestMethodNotSupportedException
demo-api : [2018-06-22 14:55:59] [INFO ]
				[org.springframework.data.rest.webmvc.BasePathAwareHandlerMapping:547]-- Mapped "{[/profile/{repository}],methods=[GET],produces=[application/schema+json]}" onto public org.springframework.http.HttpEntity<org.springframework.data.rest.webmvc.json.JsonSchema> org.springframework.data.rest.webmvc.RepositorySchemaController.schema(org.springframework.data.rest.webmvc.RootResourceInformation)
demo-api : [2018-06-22 14:55:59] [INFO ]
				[org.springframework.data.rest.webmvc.BasePathAwareHandlerMapping:547]-- Mapped "{[/profile/{repository}],methods=[GET],produces=[application/alps+json || */*]}" onto org.springframework.http.HttpEntity<org.springframework.data.rest.webmvc.RootResourceInformation> org.springframework.data.rest.webmvc.alps.AlpsController.descriptor(org.springframework.data.rest.webmvc.RootResourceInformation)
demo-api : [2018-06-22 14:55:59] [INFO ]
				[org.springframework.data.rest.webmvc.BasePathAwareHandlerMapping:547]-- Mapped "{[/profile/{repository}],methods=[OPTIONS],produces=[application/alps+json]}" onto org.springframework.http.HttpEntity<?> org.springframework.data.rest.webmvc.alps.AlpsController.alpsOptions()
demo-api : [2018-06-22 14:55:59] [INFO ]
				[org.springframework.data.rest.webmvc.BasePathAwareHandlerMapping:547]-- Mapped "{[/profile],methods=[GET]}" onto org.springframework.http.HttpEntity<org.springframework.hateoas.ResourceSupport> org.springframework.data.rest.webmvc.ProfileController.listAllFormsOfMetadata()
demo-api : [2018-06-22 14:55:59] [INFO ]
				[org.springframework.data.rest.webmvc.BasePathAwareHandlerMapping:547]-- Mapped "{[/profile],methods=[OPTIONS]}" onto public org.springframework.http.HttpEntity<?> org.springframework.data.rest.webmvc.ProfileController.profileOptions()
demo-api : [2018-06-22 14:55:59] [INFO ]
				[org.springframework.scheduling.concurrent.ThreadPoolTaskScheduler:171]-- Initializing ExecutorService  'taskScheduler'
demo-api : [2018-06-22 14:56:00] [WARN ]
				[org.springframework.boot.starter.redis.RedisStarterDeprecationWarningAutoConfiguration:43]-- spring-boot-starter-redis is deprecated as of Spring Boot 1.4, please migrate to spring-boot-starter-data-redis
demo-api : [2018-06-22 14:56:00] [INFO ]
				[org.springframework.context.support.DefaultLifecycleProcessor:351]-- Starting beans in phase 0
demo-api : [2018-06-22 14:56:00] [INFO ]
				[org.springframework.integration.endpoint.EventDrivenConsumer:107]-- Adding {logging-channel-adapter:_org.springframework.integration.errorLogger} as a subscriber to the 'errorChannel' channel
demo-api : [2018-06-22 14:56:00] [INFO ]
				[org.springframework.integration.channel.PublishSubscribeChannel:64]-- Channel 'demo-api-1.errorChannel' has 1 subscriber(s).
demo-api : [2018-06-22 14:56:00] [INFO ]
				[org.springframework.integration.endpoint.EventDrivenConsumer:165]-- started _org.springframework.integration.errorLogger
demo-api : [2018-06-22 14:56:00] [INFO ]
				[org.springframework.context.support.DefaultLifecycleProcessor:351]-- Starting beans in phase 2147483547
demo-api : [2018-06-22 14:56:00] [INFO ]
				[org.springframework.context.support.DefaultLifecycleProcessor:351]-- Starting beans in phase 2147483647
demo-api : [2018-06-22 14:56:00] [INFO ]
				[springfox.documentation.spring.web.plugins.DocumentationPluginsBootstrapper:147]-- Context refreshed
demo-api : [2018-06-22 14:56:00] [INFO ]
				[springfox.documentation.spring.web.plugins.DocumentationPluginsBootstrapper:150]-- Found 1 custom documentation plugin(s)
demo-api : [2018-06-22 14:56:00] [INFO ]
				[springfox.documentation.spring.web.scanners.ApiListingReferenceScanner:41]-- Scanning for api listing references
demo-api : [2018-06-22 14:56:00] [INFO ]
				[org.springframework.messaging.simp.broker.SimpleBrokerMessageHandler:159]-- Starting...
demo-api : [2018-06-22 14:56:00] [INFO ]
				[org.springframework.messaging.simp.broker.SimpleBrokerMessageHandler:257]-- BrokerAvailabilityEvent[available=true, SimpleBrokerMessageHandler [DefaultSubscriptionRegistry[cache[0 destination(s)], registry[0 sessions]]]]
demo-api : [2018-06-22 14:56:00] [INFO ]
				[org.springframework.messaging.simp.broker.SimpleBrokerMessageHandler:167]-- Started.
demo-api : [2018-06-22 14:56:00] [INFO ]
				[com.enhinck.test.DroolsDemoApplicationTests:59]-- Started DroolsDemoApplicationTests in 27.732 seconds (JVM running for 28.985)
demo-api : [2018-06-22 14:56:00] [INFO ]
				[com.enhinck.test.DroolsDemoApplicationTests:34]-- 1
demo-api : [2018-06-22 14:56:00] [INFO ]
				[com.enhinck.test.DroolsDemoApplicationTests:36]-- 
demo-api : [2018-06-22 14:56:00] [INFO ]
				[org.springframework.web.context.support.GenericWebApplicationContext:993]-- Closing org.springframework.web.context.support.GenericWebApplicationContext@30c0ccff: startup date [Fri Jun 22 14:55:45 CST 2018]; parent: org.springframework.context.annotation.AnnotationConfigApplicationContext@7e3181aa
demo-api : [2018-06-22 14:56:00] [INFO ]
				[org.springframework.cloud.netflix.eureka.InstanceInfoFactory:71]-- Setting initial instance status as: STARTING
demo-api : [2018-06-22 14:56:00] [INFO ]
				[org.springframework.cloud.netflix.eureka.serviceregistry.EurekaServiceRegistry:65]-- Unregistering application demo-api with eureka with status DOWN
demo-api : [2018-06-22 14:56:00] [INFO ]
				[org.springframework.context.support.DefaultLifecycleProcessor:366]-- Stopping beans in phase 2147483647
demo-api : [2018-06-22 14:56:00] [INFO ]
				[org.springframework.messaging.simp.broker.SimpleBrokerMessageHandler:177]-- Stopping...
demo-api : [2018-06-22 14:56:00] [INFO ]
				[org.springframework.messaging.simp.broker.SimpleBrokerMessageHandler:267]-- BrokerAvailabilityEvent[available=false, SimpleBrokerMessageHandler [DefaultSubscriptionRegistry[cache[0 destination(s)], registry[0 sessions]]]]
demo-api : [2018-06-22 14:56:00] [INFO ]
				[org.springframework.messaging.simp.broker.SimpleBrokerMessageHandler:185]-- Stopped.
demo-api : [2018-06-22 14:56:00] [INFO ]
				[org.springframework.context.support.DefaultLifecycleProcessor:366]-- Stopping beans in phase 2147483547
demo-api : [2018-06-22 14:56:00] [INFO ]
				[org.springframework.context.support.DefaultLifecycleProcessor:366]-- Stopping beans in phase 0
demo-api : [2018-06-22 14:56:00] [INFO ]
				[org.springframework.integration.endpoint.EventDrivenConsumer:107]-- Removing {logging-channel-adapter:_org.springframework.integration.errorLogger} as a subscriber to the 'errorChannel' channel
demo-api : [2018-06-22 14:56:00] [INFO ]
				[org.springframework.integration.channel.PublishSubscribeChannel:64]-- Channel 'demo-api-1.errorChannel' has 0 subscriber(s).
demo-api : [2018-06-22 14:56:00] [INFO ]
				[org.springframework.integration.endpoint.EventDrivenConsumer:199]-- stopped _org.springframework.integration.errorLogger
demo-api : [2018-06-22 14:56:00] [INFO ]
				[org.springframework.scheduling.concurrent.ThreadPoolTaskScheduler:208]-- Shutting down ExecutorService 'taskScheduler'
demo-api : [2018-06-22 14:56:00] [INFO ]
				[org.springframework.scheduling.concurrent.ThreadPoolTaskExecutor:208]-- Shutting down ExecutorService 'brokerChannelExecutor'
demo-api : [2018-06-22 14:56:00] [INFO ]
				[org.springframework.scheduling.concurrent.ThreadPoolTaskScheduler:208]-- Shutting down ExecutorService 'messageBrokerTaskScheduler'
demo-api : [2018-06-22 14:56:01] [INFO ]
				[com.netflix.discovery.DiscoveryClient:349]-- Initializing Eureka in region us-east-1
demo-api : [2018-06-22 14:56:01] [INFO ]
				[com.netflix.discovery.provider.DiscoveryJerseyProvider:70]-- Using JSON encoding codec LegacyJacksonJson
demo-api : [2018-06-22 14:56:01] [INFO ]
				[com.netflix.discovery.provider.DiscoveryJerseyProvider:71]-- Using JSON decoding codec LegacyJacksonJson
demo-api : [2018-06-22 14:56:01] [INFO ]
				[com.netflix.discovery.provider.DiscoveryJerseyProvider:80]-- Using XML encoding codec XStreamXml
demo-api : [2018-06-22 14:56:01] [INFO ]
				[com.netflix.discovery.provider.DiscoveryJerseyProvider:81]-- Using XML decoding codec XStreamXml
demo-api : [2018-06-22 14:56:01] [INFO ]
				[com.netflix.discovery.shared.resolver.aws.ConfigClusterResolver:43]-- Resolving eureka endpoints via configuration
demo-api : [2018-06-22 14:56:01] [INFO ]
				[com.netflix.discovery.DiscoveryClient:958]-- Disable delta property : false
demo-api : [2018-06-22 14:56:01] [INFO ]
				[com.netflix.discovery.DiscoveryClient:959]-- Single vip registry refresh property : null
demo-api : [2018-06-22 14:56:01] [INFO ]
				[com.netflix.discovery.DiscoveryClient:960]-- Force full registry fetch : false
demo-api : [2018-06-22 14:56:01] [INFO ]
				[com.netflix.discovery.DiscoveryClient:961]-- Application is null : false
demo-api : [2018-06-22 14:56:01] [INFO ]
				[com.netflix.discovery.DiscoveryClient:962]-- Registered Applications size is zero : true
demo-api : [2018-06-22 14:56:01] [INFO ]
				[com.netflix.discovery.DiscoveryClient:964]-- Application version is -1: true
demo-api : [2018-06-22 14:56:01] [INFO ]
				[com.netflix.discovery.DiscoveryClient:1047]-- Getting all instance registry info from the eureka server
demo-api : [2018-06-22 14:56:01] [INFO ]
				[com.netflix.discovery.DiscoveryClient:1056]-- The response status is 200
demo-api : [2018-06-22 14:56:01] [INFO ]
				[com.netflix.discovery.DiscoveryClient:1264]-- Starting heartbeat executor: renew interval is: 30
demo-api : [2018-06-22 14:56:01] [INFO ]
				[com.netflix.discovery.InstanceInfoReplicator:60]-- InstanceInfoReplicator onDemand update allowed rate per min is 4
demo-api : [2018-06-22 14:56:01] [INFO ]
				[com.netflix.discovery.DiscoveryClient:449]-- Discovery Client initialized at timestamp 1529650561873 with initial instances count: 0
demo-api : [2018-06-22 14:56:01] [INFO ]
				[com.netflix.discovery.DiscoveryClient:888]-- Shutting down DiscoveryClient ...
demo-api : [2018-06-22 14:56:04] [INFO ]
				[com.netflix.discovery.DiscoveryClient:922]-- Unregistering ...
demo-api : [2018-06-22 14:56:04] [INFO ]
				[com.netflix.discovery.DiscoveryClient:924]-- DiscoveryClient_DEMO-API/localhost:demo-api:-1 - deregister  status: 404
demo-api : [2018-06-22 14:56:04] [INFO ]
				[com.netflix.discovery.DiscoveryClient:911]-- Completed shut down of DiscoveryClient
demo-api : [2018-06-22 14:56:04] [INFO ]
				[org.springframework.scheduling.concurrent.ThreadPoolTaskExecutor:208]-- Shutting down ExecutorService 'clientOutboundChannelExecutor'
demo-api : [2018-06-22 14:56:04] [INFO ]
				[org.springframework.scheduling.concurrent.ThreadPoolTaskExecutor:208]-- Shutting down ExecutorService 'clientInboundChannelExecutor'
demo-api : [2018-06-22 14:56:04] [INFO ]
				[org.springframework.context.annotation.AnnotationConfigApplicationContext:993]-- Closing FeignContext-resource-server: startup date [Fri Jun 22 14:55:48 CST 2018]; parent: org.springframework.web.context.support.GenericWebApplicationContext@30c0ccff
demo-api : [2018-06-22 14:56:04] [WARN ]
				[org.springframework.context.annotation.AnnotationConfigApplicationContext:1003]-- Exception thrown from ApplicationListener handling ContextClosedEvent
org.springframework.beans.factory.BeanCreationNotAllowedException: Error creating bean with name 'eurekaAutoServiceRegistration': Singleton bean creation not allowed while singletons of this factory are in destruction (Do not request a bean from a BeanFactory in a destroy method implementation!)
	at org.springframework.beans.factory.support.DefaultSingletonBeanRegistry.getSingleton(DefaultSingletonBeanRegistry.java:214)
	at org.springframework.beans.factory.support.AbstractBeanFactory.doGetBean(AbstractBeanFactory.java:315)
	at org.springframework.beans.factory.support.AbstractBeanFactory.getBean(AbstractBeanFactory.java:199)
	at org.springframework.context.support.AbstractApplicationContext.getBean(AbstractApplicationContext.java:1089)
	at org.springframework.context.event.ApplicationListenerMethodAdapter.getTargetBean(ApplicationListenerMethodAdapter.java:291)
	at org.springframework.context.event.ApplicationListenerMethodAdapter.doInvoke(ApplicationListenerMethodAdapter.java:261)
	at org.springframework.context.event.ApplicationListenerMethodAdapter.processEvent(ApplicationListenerMethodAdapter.java:182)
	at org.springframework.context.event.ApplicationListenerMethodAdapter.onApplicationEvent(ApplicationListenerMethodAdapter.java:144)
	at org.springframework.context.event.SimpleApplicationEventMulticaster.doInvokeListener(SimpleApplicationEventMulticaster.java:172)
	at org.springframework.context.event.SimpleApplicationEventMulticaster.invokeListener(SimpleApplicationEventMulticaster.java:165)
	at org.springframework.context.event.SimpleApplicationEventMulticaster.multicastEvent(SimpleApplicationEventMulticaster.java:139)
	at org.springframework.context.support.AbstractApplicationContext.publishEvent(AbstractApplicationContext.java:400)
	at org.springframework.context.support.AbstractApplicationContext.publishEvent(AbstractApplicationContext.java:406)
	at org.springframework.context.support.AbstractApplicationContext.publishEvent(AbstractApplicationContext.java:354)
	at org.springframework.context.support.AbstractApplicationContext.doClose(AbstractApplicationContext.java:1000)
	at org.springframework.context.support.AbstractApplicationContext.close(AbstractApplicationContext.java:967)
	at org.springframework.cloud.context.named.NamedContextFactory.destroy(NamedContextFactory.java:76)
	at org.springframework.beans.factory.support.DisposableBeanAdapter.destroy(DisposableBeanAdapter.java:256)
	at org.springframework.beans.factory.support.DefaultSingletonBeanRegistry.destroyBean(DefaultSingletonBeanRegistry.java:577)
	at org.springframework.beans.factory.support.DefaultSingletonBeanRegistry.destroySingleton(DefaultSingletonBeanRegistry.java:549)
	at org.springframework.beans.factory.support.DefaultListableBeanFactory.destroySingleton(DefaultListableBeanFactory.java:957)
	at org.springframework.beans.factory.support.DefaultSingletonBeanRegistry.destroySingletons(DefaultSingletonBeanRegistry.java:510)
	at org.springframework.beans.factory.support.DefaultListableBeanFactory.destroySingletons(DefaultListableBeanFactory.java:964)
	at org.springframework.context.support.AbstractApplicationContext.destroyBeans(AbstractApplicationContext.java:1041)
	at org.springframework.context.support.AbstractApplicationContext.doClose(AbstractApplicationContext.java:1017)
	at org.springframework.context.support.AbstractApplicationContext$1.run(AbstractApplicationContext.java:937)
